This is pdfTeX, Version 3.14159265-2.6-1.40.20 (MiKTeX 2.9.6980) (preloaded format=pdflatex 2020.8.29)  5 MAR 2022 14:33
entering extended mode
**/Users/pwrzosek/Documents/GitHub/Direct_Greens_Function/rotsaw/TeX/rsaw.tex
(/Users/pwrzosek/Documents/GitHub/Direct_Greens_Function/rotsaw/TeX/rsaw.tex
LaTeX2e <2020-02-02> patch level 5
L3 programming layer <2020-08-07> ("/Users/pwrzosek/Library/Application Support/MiKTeX/texmfs/install/tex/latex/base/article.cls"
Document Class: article 2019/12/20 v1.4l Standard LaTeX document class
("/Users/pwrzosek/Library/Application Support/MiKTeX/texmfs/install/tex/latex/base/size11.clo"
File: size11.clo 2019/12/20 v1.4l Standard LaTeX file (size option)
)
\c@part=\count168
\c@section=\count169
\c@subsection=\count170
\c@subsubsection=\count171
\c@paragraph=\count172
\c@subparagraph=\count173
\c@figure=\count174
\c@table=\count175
\abovecaptionskip=\skip47
\belowcaptionskip=\skip48
\bibindent=\dimen134
) ("/Users/pwrzosek/Library/Application Support/MiKTeX/texmfs/install/tex/latex/geometry/geometry.sty"
Package: geometry 2020/01/02 v5.9 Page Geometry
 ("/Users/pwrzosek/Library/Application Support/MiKTeX/texmfs/install/tex/latex/graphics/keyval.sty"
Package: keyval 2014/10/28 v1.15 key=value parser (DPC)
\KV@toks@=\toks15
) ("/Users/pwrzosek/Library/Application Support/MiKTeX/texmfs/install/tex/generic/iftex/ifvtex.sty"
Package: ifvtex 2019/10/25 v1.7 ifvtex legacy package. Use iftex instead.
 ("/Users/pwrzosek/Library/Application Support/MiKTeX/texmfs/install/tex/generic/iftex/iftex.sty"
Package: iftex 2020/03/06 v1.0d TeX engine tests
))
\Gm@cnth=\count176
\Gm@cntv=\count177
\c@Gm@tempcnt=\count178
\Gm@bindingoffset=\dimen135
\Gm@wd@mp=\dimen136
\Gm@odd@mp=\dimen137
\Gm@even@mp=\dimen138
\Gm@layoutwidth=\dimen139
\Gm@layoutheight=\dimen140
\Gm@layouthoffset=\dimen141
\Gm@layoutvoffset=\dimen142
\Gm@dimlist=\toks16
 ("/Users/pwrzosek/Library/Application Support/MiKTeX/texmfs/install/tex/latex/geometry/geometry.cfg")) ("/Users/pwrzosek/Library/Application Support/MiKTeX/texmfs/install/tex/latex/graphics/graphicx.sty"
Package: graphicx 2019/11/30 v1.2a Enhanced LaTeX Graphics (DPC,SPQR)
 ("/Users/pwrzosek/Library/Application Support/MiKTeX/texmfs/install/tex/latex/graphics/graphics.sty"
Package: graphics 2019/11/30 v1.4a Standard LaTeX Graphics (DPC,SPQR)
 ("/Users/pwrzosek/Library/Application Support/MiKTeX/texmfs/install/tex/latex/graphics/trig.sty"
Package: trig 2016/01/03 v1.10 sin cos tan (DPC)
) ("/Users/pwrzosek/Library/Application Support/MiKTeX/texmfs/install/tex/latex/graphics-cfg/graphics.cfg"
File: graphics.cfg 2016/06/04 v1.11 sample graphics configuration
)
Package graphics Info: Driver file: pdftex.def on input line 105.
 ("/Users/pwrzosek/Library/Application Support/MiKTeX/texmfs/install/tex/latex/graphics-def/pdftex.def"
File: pdftex.def 2018/01/08 v1.0l Graphics/color driver for pdftex
))
\Gin@req@height=\dimen143
\Gin@req@width=\dimen144
) ("/Users/pwrzosek/Library/Application Support/MiKTeX/texmfs/install/tex/latex/tools/enumerate.sty"
Package: enumerate 2015/07/23 v3.00 enumerate extensions (DPC)
\@enLab=\toks17
) ("/Users/pwrzosek/Library/Application Support/MiKTeX/texmfs/install/tex/latex/amsmath/amsmath.sty"
Package: amsmath 2020/01/20 v2.17e AMS math features
\@mathmargin=\skip49

For additional information on amsmath, use the `?' option.
("/Users/pwrzosek/Library/Application Support/MiKTeX/texmfs/install/tex/latex/amsmath/amstext.sty"
Package: amstext 2000/06/29 v2.01 AMS text
 ("/Users/pwrzosek/Library/Application Support/MiKTeX/texmfs/install/tex/latex/amsmath/amsgen.sty"
File: amsgen.sty 1999/11/30 v2.0 generic functions
\@emptytoks=\toks18
\ex@=\dimen145
)) ("/Users/pwrzosek/Library/Application Support/MiKTeX/texmfs/install/tex/latex/amsmath/amsbsy.sty"
Package: amsbsy 1999/11/29 v1.2d Bold Symbols
\pmbraise@=\dimen146
) ("/Users/pwrzosek/Library/Application Support/MiKTeX/texmfs/install/tex/latex/amsmath/amsopn.sty"
Package: amsopn 2016/03/08 v2.02 operator names
)
\inf@bad=\count179
LaTeX Info: Redefining \frac on input line 227.
\uproot@=\count180
\leftroot@=\count181
LaTeX Info: Redefining \overline on input line 389.
\classnum@=\count182
\DOTSCASE@=\count183
LaTeX Info: Redefining \ldots on input line 486.
LaTeX Info: Redefining \dots on input line 489.
LaTeX Info: Redefining \cdots on input line 610.
\Mathstrutbox@=\box45
\strutbox@=\box46
\big@size=\dimen147
LaTeX Font Info:    Redeclaring font encoding OML on input line 733.
LaTeX Font Info:    Redeclaring font encoding OMS on input line 734.
\macc@depth=\count184
\c@MaxMatrixCols=\count185
\dotsspace@=\muskip16
\c@parentequation=\count186
\dspbrk@lvl=\count187
\tag@help=\toks19
\row@=\count188
\column@=\count189
\maxfields@=\count190
\andhelp@=\toks20
\eqnshift@=\dimen148
\alignsep@=\dimen149
\tagshift@=\dimen150
\tagwidth@=\dimen151
\totwidth@=\dimen152
\lineht@=\dimen153
\@envbody=\toks21
\multlinegap=\skip50
\multlinetaggap=\skip51
\mathdisplay@stack=\toks22
LaTeX Info: Redefining \[ on input line 2859.
LaTeX Info: Redefining \] on input line 2860.
) ("/Users/pwrzosek/Library/Application Support/MiKTeX/texmfs/install/tex/latex/amsfonts/amssymb.sty"
Package: amssymb 2013/01/14 v3.01 AMS font symbols
 ("/Users/pwrzosek/Library/Application Support/MiKTeX/texmfs/install/tex/latex/amsfonts/amsfonts.sty"
Package: amsfonts 2013/01/14 v3.01 Basic AMSFonts support
\symAMSa=\mathgroup4
\symAMSb=\mathgroup5
LaTeX Font Info:    Redeclaring math symbol \hbar on input line 98.
LaTeX Font Info:    Overwriting math alphabet `\mathfrak' in version `bold'
(Font)                  U/euf/m/n --> U/euf/b/n on input line 106.
)) ("/Users/pwrzosek/Library/Application Support/MiKTeX/texmfs/install/tex/latex/base/inputenc.sty"
Package: inputenc 2018/08/11 v1.3c Input encoding file
\inpenc@prehook=\toks23
\inpenc@posthook=\toks24
) ("/Users/pwrzosek/Library/Application Support/MiKTeX/texmfs/install/tex/latex/physics/physics.sty"
Package: physics 
 ("/Users/pwrzosek/Library/Application Support/MiKTeX/texmfs/install/tex/latex/l3packages/xparse/xparse.sty" ("/Users/pwrzosek/Library/Application Support/MiKTeX/texmfs/install/tex/latex/l3kernel/expl3.sty"
Package: expl3 2020-08-07 L3 programming layer (loader) 
 ("/Users/pwrzosek/Library/Application Support/MiKTeX/texmfs/install/tex/latex/l3backend/l3backend-pdfmode.def"
File: l3backend-pdfmode.def 2020-08-07 L3 backend support: PDF mode
\l__kernel_color_stack_int=\count191
\l__pdf_internal_box=\box47
))
Package: xparse 2020-05-15 L3 Experimental document command parser
 ("/Users/pwrzosek/Library/Application Support/MiKTeX/texmfs/install/tex/latex/l3packages/xparse/xparse-generic.tex"
\l__xparse_current_arg_int=\count192
\g__xparse_grabber_int=\count193
\l__xparse_m_args_int=\count194
\l__xparse_v_nesting_int=\count195
))) ("/Users/pwrzosek/Library/Application Support/MiKTeX/texmfs/install/tex/latex/xcolor/xcolor.sty"
Package: xcolor 2016/05/11 v2.12 LaTeX color extensions (UK)
 ("/Users/pwrzosek/Library/Application Support/MiKTeX/texmfs/install/tex/latex/graphics-cfg/color.cfg"
File: color.cfg 2016/01/02 v1.6 sample color configuration
)
Package xcolor Info: Driver file: pdftex.def on input line 225.
Package xcolor Info: Model `cmy' substituted by `cmy0' on input line 1348.
Package xcolor Info: Model `hsb' substituted by `rgb' on input line 1352.
Package xcolor Info: Model `RGB' extended on input line 1364.
Package xcolor Info: Model `HTML' substituted by `rgb' on input line 1366.
Package xcolor Info: Model `Hsb' substituted by `hsb' on input line 1367.
Package xcolor Info: Model `tHsb' substituted by `hsb' on input line 1368.
Package xcolor Info: Model `HSB' substituted by `hsb' on input line 1369.
Package xcolor Info: Model `Gray' substituted by `gray' on input line 1370.
Package xcolor Info: Model `wave' substituted by `hsb' on input line 1371.
) ("/Users/pwrzosek/Library/Application Support/MiKTeX/texmfs/install/tex/latex/hyperref/hyperref.sty"
Package: hyperref 2020-05-15 v7.00e Hypertext links for LaTeX
 ("/Users/pwrzosek/Library/Application Support/MiKTeX/texmfs/install/tex/generic/ltxcmds/ltxcmds.sty"
Package: ltxcmds 2019/12/15 v1.24 LaTeX kernel commands for general use (HO)
) ("/Users/pwrzosek/Library/Application Support/MiKTeX/texmfs/install/tex/generic/pdftexcmds/pdftexcmds.sty"
Package: pdftexcmds 2020-06-27 v0.33 Utility functions of pdfTeX for LuaTeX (HO)
 ("/Users/pwrzosek/Library/Application Support/MiKTeX/texmfs/install/tex/generic/infwarerr/infwarerr.sty"
Package: infwarerr 2019/12/03 v1.5 Providing info/warning/error messages (HO)
)
Package pdftexcmds Info: \pdf@primitive is available.
Package pdftexcmds Info: \pdf@ifprimitive is available.
Package pdftexcmds Info: \pdfdraftmode found.
) ("/Users/pwrzosek/Library/Application Support/MiKTeX/texmfs/install/tex/generic/kvsetkeys/kvsetkeys.sty"
Package: kvsetkeys 2019/12/15 v1.18 Key value parser (HO)
) ("/Users/pwrzosek/Library/Application Support/MiKTeX/texmfs/install/tex/generic/kvdefinekeys/kvdefinekeys.sty"
Package: kvdefinekeys 2019-12-19 v1.6 Define keys (HO)
) ("/Users/pwrzosek/Library/Application Support/MiKTeX/texmfs/install/tex/generic/pdfescape/pdfescape.sty"
Package: pdfescape 2019/12/09 v1.15 Implements pdfTeX's escape features (HO)
) ("/Users/pwrzosek/Library/Application Support/MiKTeX/texmfs/install/tex/latex/hycolor/hycolor.sty"
Package: hycolor 2020-01-27 v1.10 Color options for hyperref/bookmark (HO)
) ("/Users/pwrzosek/Library/Application Support/MiKTeX/texmfs/install/tex/latex/letltxmacro/letltxmacro.sty"
Package: letltxmacro 2019/12/03 v1.6 Let assignment for LaTeX macros (HO)
) ("/Users/pwrzosek/Library/Application Support/MiKTeX/texmfs/install/tex/latex/auxhook/auxhook.sty"
Package: auxhook 2019-12-17 v1.6 Hooks for auxiliary files (HO)
) ("/Users/pwrzosek/Library/Application Support/MiKTeX/texmfs/install/tex/latex/kvoptions/kvoptions.sty"
Package: kvoptions 2019/11/29 v3.13 Key value format for package options (HO)
)
\@linkdim=\dimen154
\Hy@linkcounter=\count196
\Hy@pagecounter=\count197
 ("/Users/pwrzosek/Library/Application Support/MiKTeX/texmfs/install/tex/latex/hyperref/pd1enc.def"
File: pd1enc.def 2020-05-15 v7.00e Hyperref: PDFDocEncoding definition (HO)
Now handling font encoding PD1 ...
... no UTF-8 mapping file for font encoding PD1
) ("/Users/pwrzosek/Library/Application Support/MiKTeX/texmfs/install/tex/generic/intcalc/intcalc.sty"
Package: intcalc 2019/12/15 v1.3 Expandable calculations with integers (HO)
) ("/Users/pwrzosek/Library/Application Support/MiKTeX/texmfs/install/tex/generic/etexcmds/etexcmds.sty"
Package: etexcmds 2019/12/15 v1.7 Avoid name clashes with e-TeX commands (HO)
)
\Hy@SavedSpaceFactor=\count198
\pdfmajorversion=\count199
Package hyperref Info: Hyper figures OFF on input line 4464.
Package hyperref Info: Link nesting OFF on input line 4469.
Package hyperref Info: Hyper index ON on input line 4472.
Package hyperref Info: Plain pages OFF on input line 4479.
Package hyperref Info: Backreferencing OFF on input line 4484.
Package hyperref Info: Implicit mode ON; LaTeX internals redefined.
Package hyperref Info: Bookmarks ON on input line 4717.
\c@Hy@tempcnt=\count266
 ("/Users/pwrzosek/Library/Application Support/MiKTeX/texmfs/install/tex/latex/url/url.sty"
\Urlmuskip=\muskip17
Package: url 2013/09/16  ver 3.4  Verb mode for urls, etc.
)
LaTeX Info: Redefining \url on input line 5076.
\XeTeXLinkMargin=\dimen155
 ("/Users/pwrzosek/Library/Application Support/MiKTeX/texmfs/install/tex/generic/bitset/bitset.sty"
Package: bitset 2019/12/09 v1.3 Handle bit-vector datatype (HO)
 ("/Users/pwrzosek/Library/Application Support/MiKTeX/texmfs/install/tex/generic/bigintcalc/bigintcalc.sty"
Package: bigintcalc 2019/12/15 v1.5 Expandable calculations on big integers (HO)
))
\Fld@menulength=\count267
\Field@Width=\dimen156
\Fld@charsize=\dimen157
Package hyperref Info: Hyper figures OFF on input line 6347.
Package hyperref Info: Link nesting OFF on input line 6352.
Package hyperref Info: Hyper index ON on input line 6355.
Package hyperref Info: backreferencing OFF on input line 6362.
Package hyperref Info: Link coloring OFF on input line 6367.
Package hyperref Info: Link coloring with OCG OFF on input line 6372.
Package hyperref Info: PDF/A mode OFF on input line 6377.
LaTeX Info: Redefining \ref on input line 6417.
LaTeX Info: Redefining \pageref on input line 6421.
 ("/Users/pwrzosek/Library/Application Support/MiKTeX/texmfs/install/tex/generic/atbegshi/atbegshi.sty"
Package: atbegshi 2019/12/05 v1.19 At begin shipout hook (HO)
)
\Hy@abspage=\count268
\c@Item=\count269
\c@Hfootnote=\count270
)
Package hyperref Info: Driver (autodetected): hpdftex.
 ("/Users/pwrzosek/Library/Application Support/MiKTeX/texmfs/install/tex/latex/hyperref/hpdftex.def"
File: hpdftex.def 2020-05-15 v7.00e Hyperref driver for pdfTeX
 ("/Users/pwrzosek/Library/Application Support/MiKTeX/texmfs/install/tex/latex/atveryend/atveryend.sty"
Package: atveryend 2019-12-11 v1.11 Hooks at the very end of document (HO)
Package atveryend Info: \enddocument detected (standard20110627).
)
\Fld@listcount=\count271
\c@bookmark@seq@number=\count272
 ("/Users/pwrzosek/Library/Application Support/MiKTeX/texmfs/install/tex/latex/rerunfilecheck/rerunfilecheck.sty"
Package: rerunfilecheck 2019/12/05 v1.9 Rerun checks for auxiliary files (HO)
 ("/Users/pwrzosek/Library/Application Support/MiKTeX/texmfs/install/tex/generic/uniquecounter/uniquecounter.sty"
Package: uniquecounter 2019/12/15 v1.4 Provide unlimited unique counter (HO)
)
Package uniquecounter Info: New unique counter `rerunfilecheck' on input line 286.
)
\Hy@SectionHShift=\skip52
) ("/Users/pwrzosek/Library/Application Support/MiKTeX/texmfs/install/tex/latex/subfig/subfig.sty"
Package: subfig 2005/06/28 ver: 1.3 subfig package
 ("/Users/pwrzosek/Library/Application Support/MiKTeX/texmfs/install/tex/latex/caption/caption.sty"
Package: caption 2020/05/30 v3.4k Customizing captions (AR)
 ("/Users/pwrzosek/Library/Application Support/MiKTeX/texmfs/install/tex/latex/caption/caption3.sty"
Package: caption3 2020/07/20 v1.12b caption3 kernel (AR)
Package caption3 Info: TeX engine: e-TeX on input line 61.
\captionmargin=\dimen158
\captionmargin@=\dimen159
\captionwidth=\dimen160
\caption@tempdima=\dimen161
\caption@indent=\dimen162
\caption@parindent=\dimen163
\caption@hangindent=\dimen164
Package caption Info: Standard document class detected.
)
\c@caption@flags=\count273
\c@continuedfloat=\count274
Package caption Info: hyperref package is loaded.
)
\c@KVtest=\count275
\sf@farskip=\skip53
\sf@captopadj=\dimen165
\sf@capskip=\skip54
\sf@nearskip=\skip55
\c@subfigure=\count276
\c@subfigure@save=\count277
\c@lofdepth=\count278
\c@subtable=\count279
\c@subtable@save=\count280
\c@lotdepth=\count281
\sf@top=\skip56
\sf@bottom=\skip57
) ("/Users/pwrzosek/Library/Application Support/MiKTeX/texmfs/install/tex/latex/floatrow/floatrow.sty"
Package: floatrow 2008/08/02 v0.3b floatrow: float package extension
\c@float@type=\count282
\float@exts=\toks25
\float@box=\box48
\@floatcapt=\box49
Package floatrow Info: Modified float package code loaded on input line 455.
Package floatrow Info: Modified rotfloat package code loaded on input line 473.
\FR@everyfloat=\toks26
\flrow@foot=\insert252
\FB@wd=\dimen166
\FBo@wd=\dimen167
\FBc@wd=\dimen168
\FBo@ht=\skip58
\FBc@ht=\skip59
\FBf@ht=\skip60
\FBo@max=\skip61
\FBc@max=\skip62
\FBf@max=\skip63
\c@FBl@b=\count283
\floatbox@depth=\count284
\c@FRobj=\count285
\c@FRsobj=\count286
\Xhsize=\skip64
\sXhsize=\skip65
\Zhsize=\skip66
\sZhsize=\skip67
\flrow@rowbox=\box50
\FR@Zunitlength=\dimen169
\c@FBcnt=\count287
\FPOScnt=\count288
\LTleft=\skip68
\LTright=\skip69
\LTleft=\skip70
\LTright=\skip71
\flrow@types=\toks27
) (/Users/pwrzosek/Documents/GitHub/Direct_Greens_Function/rotsaw/TeX/rsaw.aux)
\openout1 = `rsaw.aux'.

LaTeX Font Info:    Checking defaults for OML/cmm/m/it on input line 65.
LaTeX Font Info:    ... okay on input line 65.
LaTeX Font Info:    Checking defaults for OMS/cmsy/m/n on input line 65.
LaTeX Font Info:    ... okay on input line 65.
LaTeX Font Info:    Checking defaults for OT1/cmr/m/n on input line 65.
LaTeX Font Info:    ... okay on input line 65.
LaTeX Font Info:    Checking defaults for T1/cmr/m/n on input line 65.
LaTeX Font Info:    ... okay on input line 65.
LaTeX Font Info:    Checking defaults for TS1/cmr/m/n on input line 65.
LaTeX Font Info:    ... okay on input line 65.
LaTeX Font Info:    Checking defaults for OMX/cmex/m/n on input line 65.
LaTeX Font Info:    ... okay on input line 65.
LaTeX Font Info:    Checking defaults for U/cmr/m/n on input line 65.
LaTeX Font Info:    ... okay on input line 65.
LaTeX Font Info:    Checking defaults for PD1/pdf/m/n on input line 65.
LaTeX Font Info:    ... okay on input line 65.

*geometry* driver: auto-detecting
*geometry* detected driver: pdftex
*geometry* verbose mode - [ preamble ] result:
* driver: pdftex
* paper: a4paper
* layout: <same size as paper>
* layoutoffset:(h,v)=(0.0pt,0.0pt)
* modes: 
* h-part:(L,W,R)=(72.26999pt, 452.9679pt, 72.26999pt)
* v-part:(T,H,B)=(72.26999pt, 700.50687pt, 72.26999pt)
* \paperwidth=597.50787pt
* \paperheight=845.04684pt
* \textwidth=452.9679pt
* \textheight=700.50687pt
* \oddsidemargin=0.0pt
* \evensidemargin=0.0pt
* \topmargin=-37.0pt
* \headheight=12.0pt
* \headsep=25.0pt
* \topskip=11.0pt
* \footskip=18.06749pt
* \marginparwidth=4.0pt
* \marginparsep=10.0pt
* \columnsep=10.0pt
* \skip\footins=10.0pt plus 4.0pt minus 2.0pt
* \hoffset=0.0pt
* \voffset=0.0pt
* \mag=1000
* \@twocolumntrue
* \@twosidefalse
* \@mparswitchfalse
* \@reversemarginfalse
* (1in=72.27pt=25.4mm, 1cm=28.453pt)

("/Users/pwrzosek/Library/Application Support/MiKTeX/texmfs/install/tex/context/base/mkii/supp-pdf.mkii"
[Loading MPS to PDF converter (version 2006.09.02).]
\scratchcounter=\count289
\scratchdimen=\dimen170
\scratchbox=\box51
\nofMPsegments=\count290
\nofMParguments=\count291
\everyMPshowfont=\toks28
\MPscratchCnt=\count292
\MPscratchDim=\dimen171
\MPnumerator=\count293
\makeMPintoPDFobject=\count294
\everyMPtoPDFconversion=\toks29
) ("/Users/pwrzosek/Library/Application Support/MiKTeX/texmfs/install/tex/latex/epstopdf-pkg/epstopdf-base.sty"
Package: epstopdf-base 2020-01-24 v2.11 Base part for package epstopdf
Package epstopdf-base Info: Redefining graphics rule for `.eps' on input line 485.
)
\AtBeginShipoutBox=\box52
Package hyperref Info: Link coloring OFF on input line 65.
 ("/Users/pwrzosek/Library/Application Support/MiKTeX/texmfs/install/tex/latex/hyperref/nameref.sty"
Package: nameref 2019/09/16 v2.46 Cross-referencing by name of section
 ("/Users/pwrzosek/Library/Application Support/MiKTeX/texmfs/install/tex/latex/refcount/refcount.sty"
Package: refcount 2019/12/15 v3.6 Data extraction from label references (HO)
) ("/Users/pwrzosek/Library/Application Support/MiKTeX/texmfs/install/tex/generic/gettitlestring/gettitlestring.sty"
Package: gettitlestring 2019/12/15 v1.6 Cleanup title references (HO)
)
\c@section@level=\count295
)
LaTeX Info: Redefining \ref on input line 65.
LaTeX Info: Redefining \pageref on input line 65.
LaTeX Info: Redefining \nameref on input line 65.
 (/Users/pwrzosek/Documents/GitHub/Direct_Greens_Function/rotsaw/TeX/rsaw.out) (/Users/pwrzosek/Documents/GitHub/Direct_Greens_Function/rotsaw/TeX/rsaw.out)
\@outlinefile=\write3
\openout3 = `rsaw.out'.

Package caption Info: Begin \AtBeginDocument code.
Package caption Info: subfig package v1.3 is loaded.
Package caption Info: float package is loaded.
Package caption Info: floatrow package is loaded.
Package caption Info: End \AtBeginDocument code.
 ("/Users/pwrzosek/Library/Application Support/MiKTeX/texmfs/install/tex/latex/floatrow/fr-subfig.sty"
Package: fr-subfig 2007/12/24 v0.1g (beta) floatrow: additions for subfig
\FBsc@max=\skip72
\FBso@max=\skip73
)
<../bin/figures/square/spc/Int64[].png, id=23, 803.0pt x 642.4pt>
File: ../bin/figures/square/spc/Int64[].png Graphic file (type png)
<use ../bin/figures/square/spc/Int64[].png>
Package pdftex.def Info: ../bin/figures/square/spc/Int64[].png  used on input line 71.
(pdftex.def)             Requested size: 221.48395pt x 177.18497pt.
<../bin/figures/square/spc_noint/Int64[].png, id=24, 803.0pt x 642.4pt>
File: ../bin/figures/square/spc_noint/Int64[].png Graphic file (type png)
<use ../bin/figures/square/spc_noint/Int64[].png>
Package pdftex.def Info: ../bin/figures/square/spc_noint/Int64[].png  used on input line 79.
(pdftex.def)             Requested size: 221.48395pt x 177.18497pt.
 [1

{/Users/pwrzosek/Library/Application Support/MiKTeX/texmfs/data/pdftex/config/pdftex.map}

 <../bin/figures/square/spc/Int64[].png> <../bin/figures/square/spc_noint/Int64[].png>]
<../bin/figures/square/spc/[0].png, id=34, 803.0pt x 642.4pt>
File: ../bin/figures/square/spc/[0].png Graphic file (type png)
<use ../bin/figures/square/spc/[0].png>
Package pdftex.def Info: ../bin/figures/square/spc/[0].png  used on input line 91.
(pdftex.def)             Requested size: 221.48395pt x 177.18497pt.
<../bin/figures/square/spc/[1].png, id=35, 803.0pt x 642.4pt>
File: ../bin/figures/square/spc/[1].png Graphic file (type png)
<use ../bin/figures/square/spc/[1].png>
Package pdftex.def Info: ../bin/figures/square/spc/[1].png  used on input line 99.
(pdftex.def)             Requested size: 221.48395pt x 177.18497pt.
<../bin/figures/square/spc_noint/[0].png, id=36, 803.0pt x 642.4pt>
File: ../bin/figures/square/spc_noint/[0].png Graphic file (type png)
<use ../bin/figures/square/spc_noint/[0].png>
Package pdftex.def Info: ../bin/figures/square/spc_noint/[0].png  used on input line 111.
(pdftex.def)             Requested size: 221.48395pt x 177.18497pt.
<../bin/figures/square/spc_noint/[1].png, id=37, 803.0pt x 642.4pt>
File: ../bin/figures/square/spc_noint/[1].png Graphic file (type png)
<use ../bin/figures/square/spc_noint/[1].png>
Package pdftex.def Info: ../bin/figures/square/spc_noint/[1].png  used on input line 119.
(pdftex.def)             Requested size: 221.48395pt x 177.18497pt.
 [2

 <../bin/figures/square/spc/[0].png> <../bin/figures/square/spc/[1].png> <../bin/figures/square/spc_noint/[0].png> <../bin/figures/square/spc_noint/[1].png>]
<../bin/figures/square/spc/[0, 0].png, id=46, 803.0pt x 642.4pt>
File: ../bin/figures/square/spc/[0, 0].png Graphic file (type png)
<use ../bin/figures/square/spc/[0, 0].png>
Package pdftex.def Info: ../bin/figures/square/spc/[0, 0].png  used on input line 131.
(pdftex.def)             Requested size: 155.03809pt x 124.02751pt.
<../bin/figures/square/spc/[0, 1].png, id=47, 803.0pt x 642.4pt>
File: ../bin/figures/square/spc/[0, 1].png Graphic file (type png)
<use ../bin/figures/square/spc/[0, 1].png>
Package pdftex.def Info: ../bin/figures/square/spc/[0, 1].png  used on input line 139.
(pdftex.def)             Requested size: 155.03809pt x 124.02751pt.
<../bin/figures/square/spc/[1, 0].png, id=48, 803.0pt x 642.4pt>
File: ../bin/figures/square/spc/[1, 0].png Graphic file (type png)
<use ../bin/figures/square/spc/[1, 0].png>
Package pdftex.def Info: ../bin/figures/square/spc/[1, 0].png  used on input line 147.
(pdftex.def)             Requested size: 155.03809pt x 124.02751pt.
<../bin/figures/square/spc/[1, 1].png, id=49, 803.0pt x 642.4pt>
File: ../bin/figures/square/spc/[1, 1].png Graphic file (type png)
<use ../bin/figures/square/spc/[1, 1].png>
Package pdftex.def Info: ../bin/figures/square/spc/[1, 1].png  used on input line 155.
(pdftex.def)             Requested size: 155.03809pt x 124.02751pt.
<../bin/figures/square/spc_noint/[0, 0].png, id=50, 803.0pt x 642.4pt>
File: ../bin/figures/square/spc_noint/[0, 0].png Graphic file (type png)
<use ../bin/figures/square/spc_noint/[0, 0].png>
Package pdftex.def Info: ../bin/figures/square/spc_noint/[0, 0].png  used on input line 165.
(pdftex.def)             Requested size: 155.03809pt x 124.02751pt.
<../bin/figures/square/spc_noint/[0, 1].png, id=51, 803.0pt x 642.4pt>
File: ../bin/figures/square/spc_noint/[0, 1].png Graphic file (type png)
<use ../bin/figures/square/spc_noint/[0, 1].png>
Package pdftex.def Info: ../bin/figures/square/spc_noint/[0, 1].png  used on input line 173.
(pdftex.def)             Requested size: 155.03809pt x 124.02751pt.
<../bin/figures/square/spc_noint/[1, 0].png, id=52, 803.0pt x 642.4pt>
File: ../bin/figures/square/spc_noint/[1, 0].png Graphic file (type png)
<use ../bin/figures/square/spc_noint/[1, 0].png>
Package pdftex.def Info: ../bin/figures/square/spc_noint/[1, 0].png  used on input line 181.
(pdftex.def)             Requested size: 155.03809pt x 124.02751pt.
<../bin/figures/square/spc_noint/[1, 1].png, id=53, 803.0pt x 642.4pt>
File: ../bin/figures/square/spc_noint/[1, 1].png Graphic file (type png)
<use ../bin/figures/square/spc_noint/[1, 1].png>
Package pdftex.def Info: ../bin/figures/square/spc_noint/[1, 1].png  used on input line 189.
(pdftex.def)             Requested size: 155.03809pt x 124.02751pt.
 [3

 <../bin/figures/square/spc/[0, 0].png> <../bin/figures/square/spc/[0, 1].png> <../bin/figures/square/spc/[1, 0].png> <../bin/figures/square/spc/[1, 1].png> <../bin/figures/square/spc_noint/[0, 0].png> <../bin/figures/square/spc_noint/[0, 1].png> <../bin/figures/square/spc_noint/[1, 0].png> <../bin/figures/square/spc_noint/[1, 1].png>]

Package caption Warning: Unused \captionsetup[subfigure] on input line 15.
See the caption package documentation for explanation.

Package atveryend Info: Empty hook `BeforeClearDocument' on input line 201.
[4

]
Package atveryend Info: Empty hook `AfterLastShipout' on input line 201.
 (/Users/pwrzosek/Documents/GitHub/Direct_Greens_Function/rotsaw/TeX/rsaw.aux)
Package atveryend Info: Executing hook `AtVeryEndDocument' on input line 201.
Package atveryend Info: Executing hook `AtEndAfterFileList' on input line 201.
Package rerunfilecheck Info: File `rsaw.out' has not changed.
(rerunfilecheck)             Checksum: D8581117DB17673A8E1F670782DFFB66;289.
Package atveryend Info: Empty hook `AtVeryVeryEnd' on input line 201.
 ) 
Here is how much of TeX's memory you used:
 10076 strings out of 483124
 162507 string characters out of 2954754
 437169 words of memory out of 3000000
 25264 multiletter control sequences out of 15000+200000
 535993 words of font info for 32 fonts, out of 3000000 for 9000
 14 hyphenation exceptions out of 8191
 47i,6n,49p,397b,371s stack positions out of 5000i,500n,10000p,200000b,50000s
</Users/pwrzosek/Library/Application Support/MiKTeX/texmfs/install/fonts/type1/public/amsfonts/cm/cmbx12.pfb></Users/pwrzosek/Library/Application Support/MiKTeX/texmfs/install/fonts/type1/public/amsfonts/cm/cmr10.pfb>
Output written on /Users/pwrzosek/Documents/GitHub/Direct_Greens_Function/rotsaw/TeX/rsaw.pdf (4 pages, 2126441 bytes).
PDF statistics:
 86 PDF objects out of 1000 (max. 8388607)
 25 named destinations out of 1000 (max. 500000)
 111 words of extra memory for PDF output out of 10000 (max. 10000000)

